  Loop test.cpp
C:\Users\플밍\source\repos\myfirstProject\Loop test\Loop test.cpp(74,5): error C2062: 예기치 않은 'int' 형식입니다.
C:\Users\플밍\source\repos\myfirstProject\Loop test\Loop test.cpp(78,3): error C2181: if와 짝을 이루지 않는 잘못된 else문입니다.
